{"/Users/dreyWesson/Desktop/macBrain/atoms/move/jest.js": {"path":"/Users/dreyWesson/Desktop/macBrain/atoms/move/jest.js","statementMap":{"0":{"start":{"line":6,"column":12},"end":{"line":6,"column":27}},"1":{"start":{"line":6,"column":22},"end":{"line":6,"column":27}},"2":{"start":{"line":7,"column":12},"end":{"line":7,"column":27}},"3":{"start":{"line":7,"column":22},"end":{"line":7,"column":27}},"4":{"start":{"line":8,"column":12},"end":{"line":8,"column":27}},"5":{"start":{"line":8,"column":22},"end":{"line":8,"column":27}},"6":{"start":{"line":9,"column":12},"end":{"line":9,"column":27}},"7":{"start":{"line":9,"column":22},"end":{"line":9,"column":27}},"8":{"start":{"line":11,"column":2},"end":{"line":11,"column":30}},"9":{"start":{"line":13,"column":14},"end":{"line":13,"column":39}},"10":{"start":{"line":13,"column":24},"end":{"line":13,"column":39}},"11":{"start":{"line":14,"column":19},"end":{"line":14,"column":40}},"12":{"start":{"line":14,"column":30},"end":{"line":14,"column":40}},"13":{"start":{"line":15,"column":21},"end":{"line":17,"column":1}},"14":{"start":{"line":16,"column":14},"end":{"line":16,"column":27}},"15":{"start":{"line":19,"column":2},"end":{"line":21,"column":4}},"16":{"start":{"line":20,"column":4},"end":{"line":20,"column":25}},"17":{"start":{"line":23,"column":0},"end":{"line":33,"column":2}}},"fnMap":{"0":{"name":"(anonymous_0)","decl":{"start":{"line":6,"column":12},"end":{"line":6,"column":13}},"loc":{"start":{"line":6,"column":22},"end":{"line":6,"column":27}},"line":6},"1":{"name":"(anonymous_1)","decl":{"start":{"line":7,"column":12},"end":{"line":7,"column":13}},"loc":{"start":{"line":7,"column":22},"end":{"line":7,"column":27}},"line":7},"2":{"name":"(anonymous_2)","decl":{"start":{"line":8,"column":12},"end":{"line":8,"column":13}},"loc":{"start":{"line":8,"column":22},"end":{"line":8,"column":27}},"line":8},"3":{"name":"(anonymous_3)","decl":{"start":{"line":9,"column":12},"end":{"line":9,"column":13}},"loc":{"start":{"line":9,"column":22},"end":{"line":9,"column":27}},"line":9},"4":{"name":"uppercase","decl":{"start":{"line":10,"column":9},"end":{"line":10,"column":18}},"loc":{"start":{"line":10,"column":34},"end":{"line":12,"column":1}},"line":10},"5":{"name":"(anonymous_5)","decl":{"start":{"line":13,"column":14},"end":{"line":13,"column":15}},"loc":{"start":{"line":13,"column":24},"end":{"line":13,"column":39}},"line":13},"6":{"name":"(anonymous_6)","decl":{"start":{"line":14,"column":19},"end":{"line":14,"column":20}},"loc":{"start":{"line":14,"column":30},"end":{"line":14,"column":40}},"line":14},"7":{"name":"(anonymous_7)","decl":{"start":{"line":16,"column":8},"end":{"line":16,"column":9}},"loc":{"start":{"line":16,"column":14},"end":{"line":16,"column":27}},"line":16},"8":{"name":"createMeth","decl":{"start":{"line":18,"column":9},"end":{"line":18,"column":19}},"loc":{"start":{"line":18,"column":22},"end":{"line":22,"column":1}},"line":18},"9":{"name":"(anonymous_9)","decl":{"start":{"line":19,"column":14},"end":{"line":19,"column":15}},"loc":{"start":{"line":19,"column":26},"end":{"line":21,"column":3}},"line":19}},"branchMap":{},"s":{"0":1,"1":1,"2":1,"3":1,"4":1,"5":1,"6":1,"7":1,"8":1,"9":1,"10":1,"11":1,"12":1,"13":1,"14":1,"15":1,"16":1,"17":1},"f":{"0":1,"1":1,"2":1,"3":1,"4":1,"5":1,"6":1,"7":1,"8":1,"9":1},"b":{},"_coverageSchema":"1a1c01bbd47fc00a2c39e90264f33305004495a9","hash":"fd7c11c34e2eaab5fc948dc8213dcf83abb9229c"}
}
